<?xml version="1.0" encoding="UTF-8"?>
<testng-results ignored="0" total="1" passed="0" failed="1" skipped="0">
  <reporter-output>
  </reporter-output>
  <suite started-at="2022-07-24T09:17:56 CDT" name="Default suite" finished-at="2022-07-24T09:19:14 CDT" duration-ms="77304">
    <groups>
    </groups>
    <test started-at="2022-07-24T09:17:56 CDT" name="Default test" finished-at="2022-07-24T09:19:14 CDT" duration-ms="77304">
      <class name="testng.Kayak">
        <test-method is-config="true" signature="BeforeSuite()[pri:0, instance:testng.Kayak@70be0a2b]" started-at="2022-07-24T09:17:56 CDT" name="BeforeSuite" finished-at="2022-07-24T09:17:56 CDT" duration-ms="2" status="PASS">
          <reporter-output>
          </reporter-output>
        </test-method> <!-- BeforeSuite -->
        <test-method signature="ChromeTest()[pri:0, instance:testng.Kayak@70be0a2b]" started-at="2022-07-24T09:17:56 CDT" name="ChromeTest" finished-at="2022-07-24T09:19:13 CDT" duration-ms="77086" status="FAIL">
          <exception class="java.lang.StringIndexOutOfBoundsException">
            <message>
              <![CDATA[index -1, length 0]]>
            </message>
            <full-stacktrace>
              <![CDATA[java.lang.StringIndexOutOfBoundsException: index -1, length 0
at java.base/java.lang.String.checkIndex(String.java:4563)
at java.base/java.lang.AbstractStringBuilder.deleteCharAt(AbstractStringBuilder.java:970)
at java.base/java.lang.StringBuilder.deleteCharAt(StringBuilder.java:298)
at testng.Kayak.accessKayak(Kayak.java:105)
at testng.Kayak.ChromeTest(Kayak.java:33)
at java.base/jdk.internal.reflect.NativeMethodAccessorImpl.invoke0(Native Method)
at java.base/jdk.internal.reflect.NativeMethodAccessorImpl.invoke(NativeMethodAccessorImpl.java:77)
at java.base/jdk.internal.reflect.DelegatingMethodAccessorImpl.invoke(DelegatingMethodAccessorImpl.java:43)
at java.base/java.lang.reflect.Method.invoke(Method.java:568)
at org.testng.internal.MethodInvocationHelper.invokeMethod(MethodInvocationHelper.java:133)
at org.testng.internal.TestInvoker.invokeMethod(TestInvoker.java:598)
at org.testng.internal.TestInvoker.invokeTestMethod(TestInvoker.java:173)
at org.testng.internal.MethodRunner.runInSequence(MethodRunner.java:46)
at org.testng.internal.TestInvoker$MethodInvocationAgent.invoke(TestInvoker.java:824)
at org.testng.internal.TestInvoker.invokeTestMethods(TestInvoker.java:146)
at org.testng.internal.TestMethodWorker.invokeTestMethods(TestMethodWorker.java:146)
at org.testng.internal.TestMethodWorker.run(TestMethodWorker.java:128)
at java.base/java.util.ArrayList.forEach(ArrayList.java:1511)
at org.testng.TestRunner.privateRun(TestRunner.java:794)
at org.testng.TestRunner.run(TestRunner.java:596)
at org.testng.SuiteRunner.runTest(SuiteRunner.java:377)
at org.testng.SuiteRunner.runSequentially(SuiteRunner.java:371)
at org.testng.SuiteRunner.privateRun(SuiteRunner.java:332)
at org.testng.SuiteRunner.run(SuiteRunner.java:276)
at org.testng.SuiteRunnerWorker.runSuite(SuiteRunnerWorker.java:53)
at org.testng.SuiteRunnerWorker.run(SuiteRunnerWorker.java:96)
at org.testng.TestNG.runSuitesSequentially(TestNG.java:1212)
at org.testng.TestNG.runSuitesLocally(TestNG.java:1134)
at org.testng.TestNG.runSuites(TestNG.java:1063)
at org.testng.TestNG.run(TestNG.java:1031)
at org.testng.remote.AbstractRemoteTestNG.run(AbstractRemoteTestNG.java:115)
at org.testng.remote.RemoteTestNG.initAndRun(RemoteTestNG.java:251)
at org.testng.remote.RemoteTestNG.main(RemoteTestNG.java:77)
]]>
            </full-stacktrace>
          </exception> <!-- java.lang.StringIndexOutOfBoundsException -->
          <reporter-output>
          </reporter-output>
        </test-method> <!-- ChromeTest -->
        <test-method is-config="true" signature="afterTest()[pri:0, instance:testng.Kayak@70be0a2b]" started-at="2022-07-24T09:19:13 CDT" name="afterTest" finished-at="2022-07-24T09:19:14 CDT" duration-ms="201" status="PASS">
          <reporter-output>
          </reporter-output>
        </test-method> <!-- afterTest -->
      </class> <!-- testng.Kayak -->
    </test> <!-- Default test -->
  </suite> <!-- Default suite -->
</testng-results>
